Arguments: 
  C:\Program Files\nodejs\node.exe C:\Users\Elizabeth\AppData\Roaming\npm\node_modules\yarn\bin\yarn.js start

PATH: 
  C:\Users\Elizabeth\bin;C:\Program Files\Git\mingw64\bin;C:\Program Files\Git\usr\local\bin;C:\Program Files\Git\usr\bin;C:\Program Files\Git\usr\bin;C:\Program Files\Git\mingw64\bin;C:\Program Files\Git\usr\bin;C:\Users\Elizabeth\bin;C:\Program Files (x86)\Intel\iCLS Client;C:\Program Files\Intel\iCLS Client;C:\WINDOWS\system32;C:\WINDOWS;C:\WINDOWS\System32\Wbem;C:\WINDOWS\System32\WindowsPowerShell\v1.0;C:\Program Files\Git\cmd;C:\Program Files\nodejs;C:\Program Files (x86)\Intel\Intel(R) Management Engine Components\DAL;C:\Program Files\Intel\Intel(R) Management Engine Components\DAL;C:\Program Files (x86)\Intel\Intel(R) Management Engine Components\IPT;C:\Program Files\Intel\Intel(R) Management Engine Components\IPT;C:\Program Files\Intel\WiFi\bin;C:\Program Files\Common Files\Intel\WirelessCommon;C:\Program Files\MongoDB\Server\3.6\bin;C:\Users\Elizabeth\AppData\Local\Microsoft\WindowsApps;C:\Program Files\Heroku\bin;C:\Users\Elizabeth\AppData\Roaming\npm;C:\Program Files\Microsoft VS Code\bin;C:\Program Files\Intel\WiFi\bin;C:\Program Files\Common Files\Intel\WirelessCommon;C:\Users\Elizabeth\AppData\Local\GitHubDesktop\bin;C:\Program Files\Git\usr\bin\vendor_perl;C:\Program Files\Git\usr\bin\core_perl

Yarn version: 
  1.5.1

Node version: 
  6.11.4

Platform: 
  win32 x64

npm manifest: 
  No manifest

yarn manifest: 
  No manifest

Lockfile: 
  No lockfile

Trace: 
  Error: Couldn't find a package.json file in "C:\\Users\\Elizabeth\\Documents\\11-06-2017-St-Paul-Class-Repository-FSF\\01-Class-Content\\19-react\\01-Activities\\08-Ins_CSSDemo"
      at MessageError.Error (native)
      at new MessageError (C:\Users\Elizabeth\AppData\Roaming\npm\node_modules\yarn\lib\cli.js:186:110)
      at C:\Users\Elizabeth\AppData\Roaming\npm\node_modules\yarn\lib\cli.js:40048:15
      at next (native)
      at step (C:\Users\Elizabeth\AppData\Roaming\npm\node_modules\yarn\lib\cli.js:98:30)
      at C:\Users\Elizabeth\AppData\Roaming\npm\node_modules\yarn\lib\cli.js:109:13
